[  0%] Building CXX object fsfw/CMakeFiles/fsfw.dir/src/fsfw/version.cpp.o
[  0%] Building CXX object fsfw/CMakeFiles/fsfw.dir/src/fsfw/action/ActionHelper.cpp.o
[  1%] Building CXX object fsfw/CMakeFiles/fsfw.dir/src/fsfw/action/ActionMessage.cpp.o
[  1%] Building CXX object fsfw/CMakeFiles/fsfw.dir/src/fsfw/action/CommandActionHelper.cpp.o
[  1%] Building CXX object fsfw/CMakeFiles/fsfw.dir/src/fsfw/cfdp/CfdpHandler.cpp.o
[  2%] Building CXX object fsfw/CMakeFiles/fsfw.dir/src/fsfw/action/SimpleActionHelper.cpp.o
[  2%] Building CXX object fsfw/CMakeFiles/fsfw.dir/src/fsfw/cfdp/pdu/PduConfig.cpp.o
[  3%] Building CXX object fsfw/CMakeFiles/fsfw.dir/src/fsfw/cfdp/CfdpMessage.cpp.o
[  4%] Building CXX object fsfw/CMakeFiles/fsfw.dir/src/fsfw/cfdp/pdu/HeaderSerializer.cpp.o
[  4%] Building CXX object fsfw/CMakeFiles/fsfw.dir/src/fsfw/cfdp/pdu/VarLenField.cpp.o
[  4%] Building CXX object fsfw/CMakeFiles/fsfw.dir/src/fsfw/cfdp/pdu/HeaderDeserializer.cpp.o
[  5%] Building CXX object fsfw/CMakeFiles/fsfw.dir/src/fsfw/cfdp/pdu/FileDirectiveDeserializer.cpp.o
[  5%] Building CXX object fsfw/CMakeFiles/fsfw.dir/src/fsfw/cfdp/pdu/FileDirectiveSerializer.cpp.o
[  5%] Building CXX object fsfw/CMakeFiles/fsfw.dir/src/fsfw/cfdp/pdu/AckPduSerializer.cpp.o
[  6%] Building CXX object fsfw/CMakeFiles/fsfw.dir/src/fsfw/cfdp/pdu/AckPduDeserializer.cpp.o
[  7%] Building CXX object fsfw/CMakeFiles/fsfw.dir/src/fsfw/cfdp/pdu/AckInfo.cpp.o
[  7%] Building CXX object fsfw/CMakeFiles/fsfw.dir/src/fsfw/cfdp/pdu/EofInfo.cpp.o
[  9%] Building CXX object fsfw/CMakeFiles/fsfw.dir/src/fsfw/cfdp/pdu/NakPduSerializer.cpp.o
[  9%] Building CXX object fsfw/CMakeFiles/fsfw.dir/src/fsfw/cfdp/pdu/NakInfo.cpp.o
[  9%] Building CXX object fsfw/CMakeFiles/fsfw.dir/src/fsfw/cfdp/pdu/EofPduSerializer.cpp.o
[ 10%] Building CXX object fsfw/CMakeFiles/fsfw.dir/src/fsfw/cfdp/pdu/FinishedInfo.cpp.o
[ 10%] Building CXX object fsfw/CMakeFiles/fsfw.dir/src/fsfw/cfdp/pdu/EofPduDeserializer.cpp.o
[ 10%] Building CXX object fsfw/CMakeFiles/fsfw.dir/src/fsfw/cfdp/pdu/NakPduDeserializer.cpp.o
[ 10%] Building CXX object fsfw/CMakeFiles/fsfw.dir/src/fsfw/cfdp/pdu/FinishedPduSerializer.cpp.o
[ 11%] Building CXX object fsfw/CMakeFiles/fsfw.dir/src/fsfw/cfdp/pdu/MetadataPduSerializer.cpp.o
[ 11%] Building CXX object fsfw/CMakeFiles/fsfw.dir/src/fsfw/cfdp/pdu/MetadataInfo.cpp.o
[ 12%] Building CXX object fsfw/CMakeFiles/fsfw.dir/src/fsfw/cfdp/pdu/FinishedPduDeserializer.cpp.o
[ 13%] Building CXX object fsfw/CMakeFiles/fsfw.dir/src/fsfw/cfdp/pdu/MetadataPduDeserializer.cpp.o
[ 13%] Building CXX object fsfw/CMakeFiles/fsfw.dir/src/fsfw/cfdp/pdu/KeepAlivePduSerializer.cpp.o
[ 13%] Building CXX object fsfw/CMakeFiles/fsfw.dir/src/fsfw/cfdp/pdu/KeepAlivePduDeserializer.cpp.o
[ 13%] Building CXX object fsfw/CMakeFiles/fsfw.dir/src/fsfw/cfdp/pdu/PromptPduSerializer.cpp.o
[ 14%] Building CXX object fsfw/CMakeFiles/fsfw.dir/src/fsfw/cfdp/pdu/PromptPduDeserializer.cpp.o
[ 14%] Building CXX object fsfw/CMakeFiles/fsfw.dir/src/fsfw/cfdp/pdu/FileDataSerializer.cpp.o
[ 15%] Building CXX object fsfw/CMakeFiles/fsfw.dir/src/fsfw/cfdp/pdu/FileDataDeserializer.cpp.o
[ 15%] Building CXX object fsfw/CMakeFiles/fsfw.dir/src/fsfw/cfdp/tlv/FilestoreRequestTlv.cpp.o
[ 16%] Building CXX object fsfw/CMakeFiles/fsfw.dir/src/fsfw/cfdp/tlv/EntityIdTlv.cpp.o
[ 16%] Building CXX object fsfw/CMakeFiles/fsfw.dir/src/fsfw/cfdp/pdu/FileDataInfo.cpp.o
[ 16%] Building CXX object fsfw/CMakeFiles/fsfw.dir/src/fsfw/cfdp/tlv/Tlv.cpp.o
[ 17%] Building CXX object fsfw/CMakeFiles/fsfw.dir/src/fsfw/cfdp/tlv/FlowLabelTlv.cpp.o
[ 18%] Building CXX object fsfw/CMakeFiles/fsfw.dir/src/fsfw/cfdp/tlv/FilestoreResponseTlv.cpp.o
[ 19%] Building CXX object fsfw/CMakeFiles/fsfw.dir/src/fsfw/cfdp/tlv/FaultHandlerOverrideTlv.cpp.o
[ 19%] Building CXX object fsfw/CMakeFiles/fsfw.dir/src/fsfw/cfdp/tlv/Lv.cpp.o
[ 19%] Building CXX object fsfw/CMakeFiles/fsfw.dir/src/fsfw/cfdp/tlv/MessageToUserTlv.cpp.o
[ 20%] Building CXX object fsfw/CMakeFiles/fsfw.dir/src/fsfw/controller/ExtendedControllerBase.cpp.o
[ 21%] Building CXX object fsfw/CMakeFiles/fsfw.dir/src/fsfw/container/SimpleRingBuffer.cpp.o
[ 21%] Building CXX object fsfw/CMakeFiles/fsfw.dir/src/fsfw/container/SharedRingBuffer.cpp.o
[ 22%] Building CXX object fsfw/CMakeFiles/fsfw.dir/src/fsfw/datapoollocal/LocalDataPoolManager.cpp.o
[ 22%] Building CXX object fsfw/CMakeFiles/fsfw.dir/src/fsfw/datapoollocal/LocalPoolObjectBase.cpp.o
[ 22%] Building CXX object fsfw/CMakeFiles/fsfw.dir/src/fsfw/datapoollocal/internal/HasLocalDpIFUserAttorney.cpp.o
[ 22%] Building CXX object fsfw/CMakeFiles/fsfw.dir/src/fsfw/devicehandlers/DeviceHandlerBase.cpp.o
[ 23%] Building CXX object fsfw/CMakeFiles/fsfw.dir/src/fsfw/datapoollocal/internal/HasLocalDpIFManagerAttorney.cpp.o
[ 24%] Building CXX object fsfw/CMakeFiles/fsfw.dir/src/fsfw/datapoollocal/LocalPoolDataSetBase.cpp.o
[ 25%] Building CXX object fsfw/CMakeFiles/fsfw.dir/src/fsfw/devicehandlers/DeviceHandlerFailureIsolation.cpp.o
[ 25%] Building CXX object fsfw/CMakeFiles/fsfw.dir/src/fsfw/devicehandlers/HealthDevice.cpp.o
[ 25%] Building CXX object fsfw/CMakeFiles/fsfw.dir/src/fsfw/datapoollocal/LocalDataSet.cpp.o
[ 26%] Building CXX object fsfw/CMakeFiles/fsfw.dir/src/fsfw/events/EventManager.cpp.o
[ 26%] Building CXX object fsfw/CMakeFiles/fsfw.dir/src/fsfw/controller/ControllerBase.cpp.o
[ 26%] Building CXX object fsfw/CMakeFiles/fsfw.dir/src/fsfw/events/EventMessage.cpp.o
[ 27%] Building CXX object fsfw/CMakeFiles/fsfw.dir/src/fsfw/events/eventmatching/SeverityRangeMatcher.cpp.o
[ 27%] Building CXX object fsfw/CMakeFiles/fsfw.dir/src/fsfw/datapool/PoolEntry.cpp.o
[ 28%] Building CXX object fsfw/CMakeFiles/fsfw.dir/src/fsfw/devicehandlers/ChildHandlerBase.cpp.o
[ 28%] Building CXX object fsfw/CMakeFiles/fsfw.dir/src/fsfw/devicehandlers/ChildHandlerFDIR.cpp.o
[ 28%] Building CXX object fsfw/CMakeFiles/fsfw.dir/src/fsfw/fdir/EventCorrelation.cpp.o
[ 28%] Building CXX object fsfw/CMakeFiles/fsfw.dir/src/fsfw/datapool/PoolDataSetBase.cpp.o
[ 28%] Building CXX object fsfw/CMakeFiles/fsfw.dir/src/fsfw/events/eventmatching/EventMatchTree.cpp.o
[ 28%] Building CXX object fsfw/CMakeFiles/fsfw.dir/src/fsfw/events/eventmatching/ReporterRangeMatcher.cpp.o
[ 28%] Building CXX object fsfw/CMakeFiles/fsfw.dir/src/fsfw/devicehandlers/AssemblyBase.cpp.o
[ 29%] Building CXX object fsfw/CMakeFiles/fsfw.dir/src/fsfw/events/eventmatching/EventIdRangeMatcher.cpp.o
[ 29%] Building CXX object fsfw/CMakeFiles/fsfw.dir/src/fsfw/devicehandlers/DeviceHandlerMessage.cpp.o
[ 30%] Building CXX object fsfw/CMakeFiles/fsfw.dir/src/fsfw/datapoollocal/SharedLocalDataSet.cpp.o
[ 31%] Building CXX object fsfw/CMakeFiles/fsfw.dir/src/fsfw/devicehandlers/DeviceTmReportingWrapper.cpp.o
[ 32%] Building CXX object fsfw/CMakeFiles/fsfw.dir/src/fsfw/fdir/FailureIsolationBase.cpp.o
[ 33%] Building CXX object fsfw/CMakeFiles/fsfw.dir/src/fsfw/globalfunctions/CRC.cpp.o
[ 34%] Building CXX object fsfw/CMakeFiles/fsfw.dir/src/fsfw/health/HealthTable.cpp.o
[ 35%] Building CXX object fsfw/CMakeFiles/fsfw.dir/src/fsfw/modes/ModeHelper.cpp.o
[ 35%] Building CXX object fsfw/CMakeFiles/fsfw.dir/src/fsfw/fdir/FaultCounter.cpp.o
[ 36%] Building CXX object fsfw/CMakeFiles/fsfw.dir/src/fsfw/health/HealthHelper.cpp.o
[ 36%] Building CXX object fsfw/CMakeFiles/fsfw.dir/src/fsfw/memory/GenericFileSystemMessage.cpp.o
[ 36%] Building CXX object fsfw/CMakeFiles/fsfw.dir/src/fsfw/parameters/ParameterHelper.cpp.o
[ 36%] Building CXX object fsfw/CMakeFiles/fsfw.dir/src/fsfw/globalfunctions/math/QuaternionOperations.cpp.o
[ 36%] Building CXX object fsfw/CMakeFiles/fsfw.dir/src/fsfw/modes/ModeMessage.cpp.o
[ 36%] Building CXX object fsfw/CMakeFiles/fsfw.dir/src/fsfw/health/HealthMessage.cpp.o
[ 37%] Building CXX object fsfw/CMakeFiles/fsfw.dir/src/fsfw/objectmanager/SystemObject.cpp.o
[ 37%] Building CXX object fsfw/CMakeFiles/fsfw.dir/src/fsfw/globalfunctions/PeriodicOperationDivider.cpp.o
[ 37%] Building CXX object fsfw/CMakeFiles/fsfw.dir/src/fsfw/objectmanager/ObjectManager.cpp.o
[ 37%] Building CXX object fsfw/CMakeFiles/fsfw.dir/src/fsfw/globalfunctions/DleEncoder.cpp.o
[ 37%] Building CXX object fsfw/CMakeFiles/fsfw.dir/src/fsfw/parameters/ParameterWrapper.cpp.o
[ 38%] Building CXX object fsfw/CMakeFiles/fsfw.dir/src/fsfw/parameters/ParameterMessage.cpp.o
[ 38%] Building CXX object fsfw/CMakeFiles/fsfw.dir/src/fsfw/power/PowerComponent.cpp.o
[ 39%] Building CXX object fsfw/CMakeFiles/fsfw.dir/src/fsfw/power/Fuse.cpp.o
[ 41%] Building CXX object fsfw/CMakeFiles/fsfw.dir/src/fsfw/globalfunctions/timevalOperations.cpp.o
[ 41%] Building CXX object fsfw/CMakeFiles/fsfw.dir/src/fsfw/globalfunctions/arrayprinter.cpp.o
[ 42%] Building CXX object fsfw/CMakeFiles/fsfw.dir/src/fsfw/power/PowerSensor.cpp.o
[ 42%] Building CXX object fsfw/CMakeFiles/fsfw.dir/src/fsfw/housekeeping/HousekeepingMessage.cpp.o
[ 42%] Building CXX object fsfw/CMakeFiles/fsfw.dir/src/fsfw/globalfunctions/AsciiConverter.cpp.o
[ 43%] Building CXX object fsfw/CMakeFiles/fsfw.dir/src/fsfw/serviceinterface/ServiceInterfaceStream.cpp.o
[ 44%] Building CXX object fsfw/CMakeFiles/fsfw.dir/src/fsfw/globalfunctions/bitutility.cpp.o
[ 44%] Building CXX object fsfw/CMakeFiles/fsfw.dir/src/fsfw/serviceinterface/ServiceInterfaceBuffer.cpp.o
[ 44%] Building CXX object fsfw/CMakeFiles/fsfw.dir/src/fsfw/ipc/CommandMessage.cpp.o
[ 44%] Building CXX object fsfw/CMakeFiles/fsfw.dir/src/fsfw/serialize/SerialBufferAdapter.cpp.o
[ 44%] Building CXX object fsfw/CMakeFiles/fsfw.dir/src/fsfw/power/PowerSwitcher.cpp.o
[ 44%] Building CXX object fsfw/CMakeFiles/fsfw.dir/src/fsfw/power/DummyPowerSwitcher.cpp.o
[ 45%] Building CXX object fsfw/CMakeFiles/fsfw.dir/src/fsfw/power/PowerSwitcherComponent.cpp.o
[ 45%] Building CXX object fsfw/CMakeFiles/fsfw.dir/src/fsfw/globalfunctions/Type.cpp.o
[ 46%] Building CXX object fsfw/CMakeFiles/fsfw.dir/src/fsfw/housekeeping/PeriodicHousekeepingHelper.cpp.o
[ 46%] Building CXX object fsfw/CMakeFiles/fsfw.dir/src/fsfw/internalerror/InternalErrorReporter.cpp.o
[ 46%] Building CXX object fsfw/CMakeFiles/fsfw.dir/src/fsfw/ipc/MessageQueueMessage.cpp.o
[ 47%] Building CXX object fsfw/CMakeFiles/fsfw.dir/src/fsfw/serviceinterface/ServiceInterfacePrinter.cpp.o
[ 48%] Building CXX object fsfw/CMakeFiles/fsfw.dir/src/fsfw/memory/MemoryMessage.cpp.o
[ 48%] Building CXX object fsfw/CMakeFiles/fsfw.dir/src/fsfw/memory/MemoryHelper.cpp.o
[ 49%] Building CXX object fsfw/CMakeFiles/fsfw.dir/src/fsfw/ipc/CommandMessageCleaner.cpp.o
[ 50%] Building CXX object fsfw/CMakeFiles/fsfw.dir/src/fsfw/ipc/MessageQueueBase.cpp.o
[ 51%] Building CXX object fsfw/CMakeFiles/fsfw.dir/src/fsfw/thermal/AbstractTemperatureSensor.cpp.o
[ 52%] Building CXX object fsfw/CMakeFiles/fsfw.dir/src/fsfw/thermal/RedundantHeater.cpp.o
[ 52%] Building CXX object fsfw/CMakeFiles/fsfw.dir/src/fsfw/tcdistribution/TcDistributor.cpp.o
[ 52%] Building CXX object fsfw/CMakeFiles/fsfw.dir/src/fsfw/subsystem/SubsystemBase.cpp.o
[ 52%] Building CXX object fsfw/CMakeFiles/fsfw.dir/src/fsfw/subsystem/Subsystem.cpp.o
[ 52%] Building CXX object fsfw/CMakeFiles/fsfw.dir/src/fsfw/thermal/Heater.cpp.o
[ 52%] Building CXX object fsfw/CMakeFiles/fsfw.dir/src/fsfw/tcdistribution/CcsdsPacketChecker.cpp.o
[ 52%] Building CXX object fsfw/CMakeFiles/fsfw.dir/src/fsfw/thermal/ThermalComponentCore.cpp.o
[ 53%] Building CXX object fsfw/CMakeFiles/fsfw.dir/src/fsfw/storagemanager/StorageAccessor.cpp.o
[ 53%] Building CXX object fsfw/CMakeFiles/fsfw.dir/src/fsfw/storagemanager/ConstStorageAccessor.cpp.o
[ 54%] Building CXX object fsfw/CMakeFiles/fsfw.dir/src/fsfw/tcdistribution/PusPacketChecker.cpp.o
[ 54%] Building CXX object fsfw/CMakeFiles/fsfw.dir/src/fsfw/tcdistribution/TcPacketCheckCFDP.cpp.o
[ 54%] Building CXX object fsfw/CMakeFiles/fsfw.dir/src/fsfw/tcdistribution/PusDistributor.cpp.o
[ 55%] Building CXX object fsfw/CMakeFiles/fsfw.dir/src/fsfw/thermal/ThermalModule.cpp.o
[ 56%] Building CXX object fsfw/CMakeFiles/fsfw.dir/src/fsfw/tcdistribution/CFDPDistributor.cpp.o
[ 56%] Building CXX object fsfw/CMakeFiles/fsfw.dir/src/fsfw/thermal/ThermalComponent.cpp.o
[ 56%] Building CXX object fsfw/CMakeFiles/fsfw.dir/src/fsfw/thermal/ThermalMonitorReporter.cpp.o
[ 56%] Building CXX object fsfw/CMakeFiles/fsfw.dir/src/fsfw/storagemanager/LocalPool.cpp.o
[ 56%] Building CXX object fsfw/CMakeFiles/fsfw.dir/src/fsfw/subsystem/modes/ModeStore.cpp.o
[ 57%] Building CXX object fsfw/CMakeFiles/fsfw.dir/src/fsfw/storagemanager/PoolManager.cpp.o
[ 59%] Building CXX object fsfw/CMakeFiles/fsfw.dir/src/fsfw/timemanager/CCSDSTime.cpp.o
[ 59%] Building CXX object fsfw/CMakeFiles/fsfw.dir/src/fsfw/timemanager/TimeMessage.cpp.o
[ 58%] Building CXX object fsfw/CMakeFiles/fsfw.dir/src/fsfw/tasks/FixedSequenceSlot.cpp.o
[ 60%] Building CXX object fsfw/CMakeFiles/fsfw.dir/src/fsfw/tasks/PeriodicTaskBase.cpp.o
[ 60%] Building CXX object fsfw/CMakeFiles/fsfw.dir/src/fsfw/tasks/FixedTimeslotTaskBase.cpp.o
[ 60%] Building CXX object fsfw/CMakeFiles/fsfw.dir/src/fsfw/tmtcpacket/ccsds/SpacePacketCreator.cpp.o
[ 61%] Building CXX object fsfw/CMakeFiles/fsfw.dir/src/fsfw/subsystem/modes/ModeSequenceMessage.cpp.o
[ 61%] Building CXX object fsfw/CMakeFiles/fsfw.dir/src/fsfw/tmtcpacket/ccsds/header.cpp.o
[ 62%] Building CXX object fsfw/CMakeFiles/fsfw.dir/src/fsfw/tasks/FixedSlotSequence.cpp.o
[ 63%] Building CXX object fsfw/CMakeFiles/fsfw.dir/src/fsfw/tcdistribution/CCSDSDistributor.cpp.o
[ 64%] Building CXX object fsfw/CMakeFiles/fsfw.dir/src/fsfw/tmtcpacket/ccsds/SpacePacketReader.cpp.o
[ 65%] Building CXX object fsfw/CMakeFiles/fsfw.dir/src/fsfw/timemanager/Stopwatch.cpp.o
[ 62%] Building CXX object fsfw/CMakeFiles/fsfw.dir/src/fsfw/timemanager/Countdown.cpp.o
[ 62%] Building CXX object fsfw/CMakeFiles/fsfw.dir/src/fsfw/timemanager/ClockCommon.cpp.o
[ 65%] Building CXX object fsfw/CMakeFiles/fsfw.dir/src/fsfw/timemanager/CdsShortTimeStamper.cpp.o
[ 66%] Building CXX object fsfw/CMakeFiles/fsfw.dir/src/fsfw/tmtcpacket/pus/tm/PusTmCreator.cpp.o
[ 67%] Building CXX object fsfw/CMakeFiles/fsfw.dir/src/fsfw/tmtcservices/TmTcMessage.cpp.o
[ 67%] Building CXX object fsfw/CMakeFiles/fsfw.dir/src/fsfw/tmtcservices/TmTcBridge.cpp.o
[ 67%] Building CXX object fsfw/CMakeFiles/fsfw.dir/src/fsfw/tmtcservices/VerificationReporter.cpp.o
[ 68%] Building CXX object fsfw/CMakeFiles/fsfw.dir/src/fsfw/tmtcpacket/pus/tm/PusTmMinimal.cpp.o
[ 69%] Building CXX object fsfw/CMakeFiles/fsfw.dir/src/fsfw/tmtcservices/PusVerificationReport.cpp.o
[ 69%] Building CXX object fsfw/CMakeFiles/fsfw.dir/src/fsfw/tmtcpacket/pus/tm/PusTmReader.cpp.o
[ 69%] Building CXX object fsfw/CMakeFiles/fsfw.dir/src/fsfw/tmtcservices/TmStoreHelper.cpp.o
[ 69%] Building CXX object fsfw/CMakeFiles/fsfw.dir/src/fsfw/tmtcpacket/pus/tc/PusTcCreator.cpp.o
[ 70%] Building CXX object fsfw/CMakeFiles/fsfw.dir/src/fsfw/tmtcservices/SpacePacketParser.cpp.o
[ 71%] Building CXX object fsfw/CMakeFiles/fsfw.dir/src/fsfw/tmtcservices/TmSendHelper.cpp.o
[ 72%] Building CXX object fsfw/CMakeFiles/fsfw.dir/src/fsfw/tmtcpacket/pus/tc/PusTcReader.cpp.o
[ 72%] Building CXX object fsfw/CMakeFiles/fsfw.dir/src/fsfw/tmtcpacket/pus/tm/PusTmZcWriter.cpp.o
[ 72%] Building CXX object fsfw/CMakeFiles/fsfw.dir/src/fsfw/tmtcservices/TmStoreAndSendHelper.cpp.o
[ 73%] Building CXX object fsfw/CMakeFiles/fsfw.dir/src/fsfw/tmtcservices/tmHelpers.cpp.o
[ 73%] Building CXX object fsfw/CMakeFiles/fsfw.dir/src/fsfw/tmtcservices/CommandingServiceBase.cpp.o
[ 74%] Building CXX object fsfw/CMakeFiles/fsfw.dir/src/fsfw/monitoring/MonitoringMessage.cpp.o
[ 74%] Building CXX object fsfw/CMakeFiles/fsfw.dir/src/fsfw/pus/Service8FunctionManagement.cpp.o
[ 74%] Building CXX object fsfw/CMakeFiles/fsfw.dir/src/fsfw/monitoring/LimitViolationReporter.cpp.o
[ 75%] Building CXX object fsfw/CMakeFiles/fsfw.dir/src/fsfw/pus/Service5EventReporting.cpp.o
[ 75%] Building CXX object fsfw/CMakeFiles/fsfw.dir/src/fsfw/pus/Service3Housekeeping.cpp.o
[ 76%] Building CXX object fsfw/CMakeFiles/fsfw.dir/src/fsfw/tmtcpacket/packetmatcher/PacketMatchTree.cpp.o
[ 76%] Building CXX object fsfw/CMakeFiles/fsfw.dir/src/fsfw/tmtcservices/tcHelpers.cpp.o
[ 76%] Building CXX object fsfw/CMakeFiles/fsfw.dir/src/fsfw/tmtcservices/PusServiceBase.cpp.o
[ 77%] Building CXX object fsfw/CMakeFiles/fsfw.dir/src/fsfw/pus/Service2DeviceAccess.cpp.o
[ 78%] Building CXX object fsfw/CMakeFiles/fsfw.dir/src/fsfw/pus/Service9TimeManagement.cpp.o
[ 78%] Building CXX object fsfw/CMakeFiles/fsfw.dir/src/fsfw/pus/Service1TelecommandVerification.cpp.o
[ 78%] Building CXX object fsfw/CMakeFiles/fsfw.dir/src/fsfw/osal/host/PeriodicTask.cpp.o
[ 79%] Building CXX object fsfw/CMakeFiles/fsfw.dir/src/fsfw/osal/linux/tcpipHelpers.cpp.o
[ 79%] Building CXX object fsfw/CMakeFiles/fsfw.dir/src/fsfw/pus/Service20ParameterManagement.cpp.o
[ 80%] Building CXX object fsfw/CMakeFiles/fsfw.dir/src/fsfw/osal/host/Clock.cpp.o
[ 81%] Building CXX object fsfw/CMakeFiles/fsfw.dir/src/fsfw/osal/host/TaskFactory.cpp.o
[ 82%] Building CXX object fsfw/CMakeFiles/fsfw.dir/src/fsfw/osal/host/MessageQueue.cpp.o
[ 82%] Building CXX object fsfw/CMakeFiles/fsfw.dir/src/fsfw/osal/host/QueueFactory.cpp.o
[ 83%] Building CXX object fsfw/CMakeFiles/fsfw.dir/src/fsfw_hal/devicehandlers/GyroL3GD20Handler.cpp.o
[ 83%] Building CXX object fsfw/CMakeFiles/fsfw.dir/src/fsfw/osal/host/SemaphoreFactory.cpp.o
[ 83%] Building CXX object fsfw/CMakeFiles/fsfw.dir/src/fsfw_hal/devicehandlers/MgmRM3100Handler.cpp.o
[ 83%] Building CXX object fsfw/CMakeFiles/fsfw.dir/src/fsfw/osal/host/taskHelpers.cpp.o
[ 83%] Building CXX object fsfw/CMakeFiles/fsfw.dir/src/fsfw/osal/common/UdpTcPollingTask.cpp.o
[ 83%] Building CXX object fsfw/CMakeFiles/fsfw.dir/src/fsfw/osal/common/UdpTmTcBridge.cpp.o
[ 84%] Building CXX object fsfw/CMakeFiles/fsfw.dir/src/fsfw/osal/host/MutexFactory.cpp.o
[ 84%] Building CXX object fsfw/CMakeFiles/fsfw.dir/src/fsfw/osal/common/tcpipCommon.cpp.o
[ 85%] Building CXX object fsfw/CMakeFiles/fsfw.dir/src/fsfw/osal/host/QueueMapManager.cpp.o
[ 85%] Building CXX object fsfw/CMakeFiles/fsfw.dir/src/fsfw_hal/common/gpio/GpioCookie.cpp.o
[ 85%] Building CXX object fsfw/CMakeFiles/fsfw.dir/src/fsfw/pus/CService201HealthCommanding.cpp.o
[ 86%] Building CXX object fsfw/CMakeFiles/fsfw.dir/src/fsfw/pus/CService200ModeCommanding.cpp.o
[ 86%] Building CXX object fsfw/CMakeFiles/fsfw.dir/src/fsfw/pus/Service17Test.cpp.o
[ 87%] Building CXX object fsfw/CMakeFiles/fsfw.dir/src/fsfw/osal/common/TcpTmTcServer.cpp.o
[ 88%] Building C object fsfw/CMakeFiles/fsfw.dir/src/fsfw_hal/common/printChar.c.o
[ 88%] Building CXX object fsfw/CMakeFiles/fsfw.dir/src/fsfw/osal/host/Mutex.cpp.o
[ 89%] Building CXX object fsfw/CMakeFiles/fsfw.dir/src/fsfw/osal/common/TcpIpBase.cpp.o
[ 89%] Building CXX object fsfw/CMakeFiles/fsfw.dir/src/fsfw/osal/common/TcpTmTcBridge.cpp.o
[ 90%] Building CXX object fsfw/CMakeFiles/fsfw.dir/src/fsfw_hal/devicehandlers/MgmLIS3MDLHandler.cpp.o
[ 90%] Building CXX object fsfw/CMakeFiles/fsfw.dir/src/fsfw_hal/linux/uio/UioMapper.cpp.o
[ 90%] Building CXX object fsfw/CMakeFiles/fsfw.dir/src/fsfw/osal/host/FixedTimeslotTask.cpp.o
[ 90%] Building CXX object fsfw/CMakeFiles/fsfw.dir/src/fsfw_hal/linux/UnixFileGuard.cpp.o
[ 91%] Building CXX object fsfw/CMakeFiles/fsfw.dir/src/fsfw_hal/linux/CommandExecutor.cpp.o
[ 91%] Building CXX object fsfw/CMakeFiles/fsfw.dir/src/fsfw_hal/linux/utility.cpp.o
[ 91%] Building CXX object fsfw/CMakeFiles/fsfw.dir/src/fsfw_tests/internal/osal/testMutex.cpp.o
[ 92%] Building CXX object fsfw/CMakeFiles/fsfw.dir/src/fsfw_tests/internal/osal/testMq.cpp.o
[ 93%] Building CXX object fsfw/CMakeFiles/fsfw.dir/src/fsfw_tests/internal/osal/testSemaphore.cpp.o
[ 93%] Building CXX object fsfw/CMakeFiles/fsfw.dir/src/fsfw_tests/integration/assemblies/TestAssembly.cpp.o
[ 93%] Building CXX object fsfw/CMakeFiles/fsfw.dir/src/fsfw_tests/integration/controller/TestController.cpp.o
[ 93%] Building CXX object fsfw/CMakeFiles/fsfw.dir/src/fsfw_tests/integration/task/TestTask.cpp.o
[ 93%] Building CXX object fsfw/CMakeFiles/fsfw.dir/src/fsfw_tests/internal/UnittDefinitions.cpp.o
[ 94%] Building CXX object fsfw/CMakeFiles/fsfw.dir/src/fsfw_tests/internal/globalfunctions/TestArrayPrinter.cpp.o
[ 95%] Building CXX object fsfw/CMakeFiles/fsfw.dir/src/fsfw_tests/internal/InternalUnitTester.cpp.o
[ 95%] Building CXX object fsfw/CMakeFiles/fsfw.dir/src/fsfw_tests/internal/serialize/IntTestSerialization.cpp.o
[ 96%] Building CXX object fsfw/CMakeFiles/fsfw.dir/src/fsfw_tests/integration/devices/TestCookie.cpp.o
[ 96%] Building CXX object fsfw/CMakeFiles/fsfw.dir/src/fsfw_tests/integration/devices/TestDeviceHandler.cpp.o
[ 97%] Building CXX object fsfw/CMakeFiles/fsfw.dir/src/fsfw_tests/integration/devices/TestEchoComIF.cpp.o
