-- The C compiler identification is GNU 15.2.1
-- The CXX compiler identification is GNU 15.2.1
-- Detecting C compiler ABI info
-- Detecting C compiler ABI info - done
-- Check for working C compiler: /usr/bin/cc - skipped
-- Detecting C compile features
-- Detecting C compile features - done
-- Detecting CXX compiler ABI info
-- Detecting CXX compiler ABI info - done
-- Check for working CXX compiler: /usr/bin/c++ - skipped
-- Detecting CXX compile features
-- Detecting CXX compile features - done
-- fsfw | Determining version information with git
-- fsfw | Set git version info into GIT_INFO from the git tag v5.0.0-318-gfd46784d
-- fsfw | Finding and/or providing etl library with version 20
-- fsfw | No ETL installation was found with find_package. Installing and providing etl with FindPackage
-- etl | Version string determined with git describe: 20.28.0
-- etl | Determined ETL version 20.28.0 from the git tag
-- fsfw | Compiling FSFW for the Host operating system
-- Performing Test CMAKE_HAVE_LIBC_PTHREAD
-- Performing Test CMAKE_HAVE_LIBC_PTHREAD - Success
-- Found Threads: TRUE
-- Configuring done (4.7s)
-- Generating done (0.0s)
-- Build files have been written to: /home/noel/CLionProjects/fsfw-from-zero/build
